build/intermediates/manifest_merge_blame_file/debug/manifest-merger-blame-debug-report.txt
1<?xml version="1.0" encoding="utf-8"?>
2<manifest xmlns:android="http://schemas.android.com/apk/res/android"
3    xmlns:tools="http://schemas.android.com/tools"
4    package="com.thowo.jmjavaframework"
5    android:versionCode="1"
6    android:versionName="1.0" >
7
8    <uses-sdk
9        android:minSdkVersion="16"
9-->src/main/AndroidManifest.xml
10        android:targetSdkVersion="29" />
10-->src/main/AndroidManifest.xml
11
12    <uses-permission android:name="android.permission.CAMERA" />
12-->src/main/AndroidManifest.xml:5:5-65
12-->src/main/AndroidManifest.xml:5:22-62
13    <uses-permission android:name="android.permission.INTERNET" />
13-->src/main/AndroidManifest.xml:6:5-67
13-->src/main/AndroidManifest.xml:6:22-64
14    <uses-permission android:name="android.permission.WRITE_EXTERNAL_STORAGE" />
14-->src/main/AndroidManifest.xml:7:5-81
14-->src/main/AndroidManifest.xml:7:22-78
15    <uses-permission android:name="android.permission.READ_EXTERNAL_STORAGE" />
15-->src/main/AndroidManifest.xml:8:5-80
15-->src/main/AndroidManifest.xml:8:22-77
16
17<!--     <uses-sdk tools:overrideLibrary="android.support.v13, android.support.v4, android.support.mediacompat, android.support.fragment, android.support.coreui, android.support.coreutils, android.support.compat"/> -->
18    <application
18-->src/main/AndroidManifest.xml:13:5-16:19
19        android:allowBackup="true"
19-->src/main/AndroidManifest.xml:13:18-44
20        android:label="@string/app_name"
20-->src/main/AndroidManifest.xml:13:45-77
21        android:largeHeap="true"
21-->src/main/AndroidManifest.xml:14:36-60
22        android:supportsRtl="true" >
22-->src/main/AndroidManifest.xml:14:9-35
23    </application>
24
25</manifest>